<?xml version="1.0" encoding="UTF-8"?>
<!-- Generated by org.testng.reporters.JUnitXMLReporter -->
<testsuite hostname="LAPTOP-2NAO6QUM" ignored="0" name="Default test" tests="3" failures="0" timestamp="06 Sep 2020 08:06:26 GMT" time="3.183" errors="0">
  <testcase name="zzzz" time="0.005" classname="testng.DemoTestNg"/>
  <testcase name="xxxx" time="3.103" classname="testng.DemoTestNg"/>
  <testcase name="aaaa" time="0.002" classname="testng.DemoTestNg"/>
</testsuite> <!-- Default test -->
